// 同步 ID: 26787584 @ Fri Jun 26 10:54:18 UTC 2026
// 重构日志: b6e3cae9
// 重构日志: 3713131b
// 重构日志: a2b307ff
// 重构日志: d5dcc063
// 重构日志: b71e8a25
// 同步 ID: 0c92002c @ Sun Jul  5 10:46:22 UTC 2026
// 重构日志: 5037511d
// 同步 ID: 9f1fc911 @ Thu Jul  9 18:45:59 UTC 2026
// 重构日志: ae5dddea
// 重构日志: 6034091a
// 同步 ID: 50ddf24f @ Sat Jul 11 11:23:02 UTC 2026
// 同步 ID: a2abcdc6 @ Sat Jul 11 19:04:21 UTC 2026
// 重构日志: 974c86c7
// 同步 ID: 0ff45ece @ Tue Jul 14 06:31:34 UTC 2026
// 同步 ID: 917f7797 @ Tue Jul 14 12:09:24 UTC 2026
// 重构日志: c2a256fc
// 重构日志: 7220ed7d
// 重构日志: d9b3d64f
// 重构日志: 634b1087
// 同步 ID: ac0631f3 @ Sat Jul 18 13:57:41 UTC 2026
// 同步 ID: bf862525 @ Sat Jul 18 17:27:31 UTC 2026
// 重构日志: d431eb21
// 同步 ID: 5e7ec7f7 @ Sun Jul 19 09:40:28 UTC 2026
// 同步 ID: 36dcd588 @ Sun Jul 19 14:53:34 UTC 2026
